Determining if the pthread_create exist failed with the following output:
Change Dir: /home/localadmin/Telepresence_Robot_InfiniTAM/build/CMakeFiles/CMakeTmp

Run Build Command:"/usr/bin/make" "cmTC_2caae/fast"
/usr/bin/make -f CMakeFiles/cmTC_2caae.dir/build.make CMakeFiles/cmTC_2caae.dir/build
make[1]: Entering directory '/home/localadmin/Telepresence_Robot_InfiniTAM/build/CMakeFiles/CMakeTmp'
Building C object CMakeFiles/cmTC_2caae.dir/CheckSymbolExists.c.o
/usr/bin/cc    -o CMakeFiles/cmTC_2caae.dir/CheckSymbolExists.c.o   -c /home/localadmin/Telepresence_Robot_InfiniTAM/build/CMakeFiles/CMakeTmp/CheckSymbolExists.c
Linking C executable cmTC_2caae
/usr/local/bin/cmake -E cmake_link_script CMakeFiles/cmTC_2caae.dir/link.txt --verbose=1
/usr/bin/cc      -rdynamic CMakeFiles/cmTC_2caae.dir/CheckSymbolExists.c.o  -o cmTC_2caae 
CMakeFiles/cmTC_2caae.dir/CheckSymbolExists.c.o: In function `main':
CheckSymbolExists.c:(.text+0x16): undefined reference to `pthread_create'
collect2: error: ld returned 1 exit status
CMakeFiles/cmTC_2caae.dir/build.make:86: recipe for target 'cmTC_2caae' failed
make[1]: *** [cmTC_2caae] Error 1
make[1]: Leaving directory '/home/localadmin/Telepresence_Robot_InfiniTAM/build/CMakeFiles/CMakeTmp'
Makefile:126: recipe for target 'cmTC_2caae/fast' failed
make: *** [cmTC_2caae/fast] Error 2

File /home/localadmin/Telepresence_Robot_InfiniTAM/build/CMakeFiles/CMakeTmp/CheckSymbolExists.c:
/* */
#include <pthread.h>

int main(int argc, char** argv)
{
  (void)argv;
#ifndef pthread_create
  return ((int*)(&pthread_create))[argc];
#else
  (void)argc;
  return 0;
#endif
}

Determining if the function pthread_create exists in the pthreads failed with the following output:
Change Dir: /home/localadmin/Telepresence_Robot_InfiniTAM/build/CMakeFiles/CMakeTmp

Run Build Command:"/usr/bin/make" "cmTC_c2490/fast"
/usr/bin/make -f CMakeFiles/cmTC_c2490.dir/build.make CMakeFiles/cmTC_c2490.dir/build
make[1]: Entering directory '/home/localadmin/Telepresence_Robot_InfiniTAM/build/CMakeFiles/CMakeTmp'
Building C object CMakeFiles/cmTC_c2490.dir/CheckFunctionExists.c.o
/usr/bin/cc   -DCHECK_FUNCTION_EXISTS=pthread_create   -o CMakeFiles/cmTC_c2490.dir/CheckFunctionExists.c.o   -c /usr/local/share/cmake-3.11/Modules/CheckFunctionExists.c
Linking C executable cmTC_c2490
/usr/local/bin/cmake -E cmake_link_script CMakeFiles/cmTC_c2490.dir/link.txt --verbose=1
/usr/bin/cc  -DCHECK_FUNCTION_EXISTS=pthread_create    -rdynamic CMakeFiles/cmTC_c2490.dir/CheckFunctionExists.c.o  -o cmTC_c2490 -lpthreads 
/usr/bin/ld: cannot find -lpthreads
collect2: error: ld returned 1 exit status
CMakeFiles/cmTC_c2490.dir/build.make:86: recipe for target 'cmTC_c2490' failed
make[1]: *** [cmTC_c2490] Error 1
make[1]: Leaving directory '/home/localadmin/Telepresence_Robot_InfiniTAM/build/CMakeFiles/CMakeTmp'
Makefile:126: recipe for target 'cmTC_c2490/fast' failed
make: *** [cmTC_c2490/fast] Error 2


